0 info it worked if it ends with ok
1 verbose cli [ 'node', '/usr/local/bin/npm', 'publish', '.' ]
2 info using npm@2.9.1
3 info using node@v0.10.22
4 verbose publish [ '.' ]
5 verbose stack Error: Failed to parse json
5 verbose stack Unexpected token '"' at 43:5
5 verbose stack     "music",
5 verbose stack     ^
5 verbose stack     at parseError (/usr/local/lib/node_modules/npm/node_modules/read-package-json/read-json.js:379:11)
5 verbose stack     at parseJson (/usr/local/lib/node_modules/npm/node_modules/read-package-json/read-json.js:68:23)
5 verbose stack     at /usr/local/lib/node_modules/npm/node_modules/read-package-json/read-json.js:48:5
5 verbose stack     at evalmachine.<anonymous>:266:14
5 verbose stack     at /usr/local/lib/node_modules/npm/node_modules/graceful-fs/graceful-fs.js:102:5
5 verbose stack     at Object.oncomplete (evalmachine.<anonymous>:107:15)
6 verbose cwd /Users/thelinmichael/workspace/spotify-web-api-node
7 error Darwin 14.5.0
8 error argv "node" "/usr/local/bin/npm" "publish" "."
9 error node v0.10.22
10 error npm  v2.9.1
11 error file /Users/thelinmichael/workspace/spotify-web-api-node/package.json
12 error code EJSONPARSE
13 error Failed to parse json
13 error Unexpected token '"' at 43:5
13 error     "music",
13 error     ^
14 error File: /Users/thelinmichael/workspace/spotify-web-api-node/package.json
15 error Failed to parse package.json data.
15 error package.json must be actual JSON, not just JavaScript.
15 error
15 error This is not a bug in npm.
15 error Tell the package author to fix their package.json file. JSON.parse
16 verbose exit [ 1, true ]
